        -113280.000078     -113280.000078     -113280.000078
        -113278.232391     -113278.232391     -113278.232391
        -113272.960634     -113272.960634     -113272.960634
        -113264.231137     -113264.231137     -113264.231137
        -113252.089983     -113252.089983     -113252.089983
        -113236.582963     -113236.582963     -113236.582963
        -113217.755286     -113217.755286     -113217.755286
        -113195.652117     -113195.652117     -113195.652118
         -113170.31804      -113170.31804      -113170.31804
        -113141.797358     -113141.797358     -113141.797358
        -113110.134226     -113110.134226     -113110.134226
        -113075.372143     -113075.372143     -113075.372143
        -113037.554618     -113037.554618     -113037.554618
        -112996.724674     -112996.724674     -112996.724674
        -112952.924974     -112952.924974     -112952.924974
        -112906.198131     -112906.198131     -112906.198131
        -112856.586114     -112856.586114     -112856.586114
        -112804.130872     -112804.130872     -112804.130872
        -112748.873974     -112748.873974     -112748.873974
         -112690.85657      -112690.85657      -112690.85657
        -112630.119809     -112630.119809     -112630.119809
